   1              		.syntax unified
   2              		.cpu cortex-m4
   3              		.fpu softvfp
   4              		.eabi_attribute 20, 1	@ Tag_ABI_FP_denormal
   5              		.eabi_attribute 21, 1	@ Tag_ABI_FP_exceptions
   6              		.eabi_attribute 23, 3	@ Tag_ABI_FP_number_model
   7              		.eabi_attribute 24, 1	@ Tag_ABI_align8_needed
   8              		.eabi_attribute 25, 1	@ Tag_ABI_align8_preserved
   9              		.eabi_attribute 26, 1	@ Tag_ABI_enum_size
  10              		.eabi_attribute 30, 6	@ Tag_ABI_optimization_goals
  11              		.eabi_attribute 34, 1	@ Tag_CPU_unaligned_access
  12              		.eabi_attribute 18, 4	@ Tag_ABI_PCS_wchar_t
  13              		.file	"IRQ.c"
  14              	@ GNU C (GNU Tools for ARM Embedded Processors) version 4.8.4 20140725 (release) [ARM/embedded-4_8-
  15              	@	compiled by GNU C version 4.7.4, GMP version 4.3.2, MPFR version 2.4.2, MPC version 0.8.1
  16              	@ GGC heuristics: --param ggc-min-expand=100 --param ggc-min-heapsize=131072
  17              	@ options passed:  -I . -I apps -I apps/inc -I apps/src -I apps/src/fonts
  18              	@ -I cmsis_boot -I cmsis_boot/startup -I cmsis_core
  19              	@ -I SAM4S_StdPeriph_Driver -I SAM4S_StdPeriph_Driver/Include
  20              	@ -I SAM4S_StdPeriph_Driver/Include/SAM4S
  21              	@ -I SAM4S_StdPeriph_Driver/Include/SAM4S/component
  22              	@ -I SAM4S_StdPeriph_Driver/Include/SAM4S/instance
  23              	@ -I SAM4S_StdPeriph_Driver/Include/SAM4S/pio
  24              	@ -I SAM4S_StdPeriph_Driver/Source -I SAM4S_StdPeriph_Driver/Source/SAM4S
  25              	@ -I SAM4S_StdPeriph_Driver/Source/SAM4S/include
  26              	@ -I SAM4S_StdPeriph_Driver/Source/SAM4S/source -I user_libs
  27              	@ -I user_libs/inc -I user_libs/src -imultilib armv7e-m
  28              	@ -iprefix d:\armgcc\bin\../lib/gcc/arm-none-eabi/4.8.4/
  29              	@ -isysroot d:\armgcc\bin\../arm-none-eabi -MD out/apps/src/IRQ.d
  30              	@ -MF out/apps/src/IRQ.o.dep -MP -MQ out/apps/src/IRQ.o -D__USES_INITFINI__
  31              	@ -D gcc apps/src/IRQ.c -mcpu=cortex-m4 -mthumb
  32              	@ -auxbase-strip out/apps/src/IRQ.o -ggdb3 -O0 -Wall -Wpointer-arith
  33              	@ -Wswitch -Wnested-externs -std=gnu99 -fomit-frame-pointer -fverbose-asm
  34              	@ -funsigned-char
  35              	@ options enabled:  -faggressive-loop-optimizations -fauto-inc-dec
  36              	@ -fbranch-count-reg -fcommon -fdelete-null-pointer-checks -fdwarf2-cfi-asm
  37              	@ -fearly-inlining -feliminate-unused-debug-types -ffunction-cse -fgcse-lm
  38              	@ -fgnu-runtime -fgnu-unique -fident -finline-atomics -fira-hoist-pressure
  39              	@ -fira-share-save-slots -fira-share-spill-slots -fivopts
  40              	@ -fkeep-static-consts -fleading-underscore -fmath-errno
  41              	@ -fmerge-debug-strings -fmove-loop-invariants -fomit-frame-pointer
  42              	@ -fpeephole -fprefetch-loop-arrays -freg-struct-return
  43              	@ -fsched-critical-path-heuristic -fsched-dep-count-heuristic
  44              	@ -fsched-group-heuristic -fsched-interblock -fsched-last-insn-heuristic
  45              	@ -fsched-rank-heuristic -fsched-spec -fsched-spec-insn-heuristic
  46              	@ -fsched-stalled-insns-dep -fshow-column -fsigned-zeros
  47              	@ -fsplit-ivs-in-unroller -fstrict-volatile-bitfields -fsync-libcalls
  48              	@ -ftrapping-math -ftree-coalesce-vars -ftree-cselim -ftree-forwprop
  49              	@ -ftree-loop-if-convert -ftree-loop-im -ftree-loop-ivcanon
  50              	@ -ftree-loop-optimize -ftree-parallelize-loops= -ftree-phiprop -ftree-pta
  51              	@ -ftree-reassoc -ftree-scev-cprop -ftree-slp-vectorize
  52              	@ -ftree-vect-loop-version -funit-at-a-time -fverbose-asm
  53              	@ -fzero-initialized-in-bss -mlittle-endian -mpic-data-is-text-relative
  54              	@ -msched-prolog -mthumb -munaligned-access -mvectorize-with-neon-quad
  55              	
  56              		.text
  57              	.Ltext0:
  58              		.cfi_sections	.debug_frame
  59              		.align	2
  60              		.global	SysTick_Handler
  61              		.thumb
  62              		.thumb_func
  64              	SysTick_Handler:
  65              	.LFB116:
  66              		.file 1 "apps/src/IRQ.c"
   1:apps/src/IRQ.c **** /**
   2:apps/src/IRQ.c ****   ******************************************************************************
   3:apps/src/IRQ.c ****   * @file     IRQ.c
   4:apps/src/IRQ.c ****   * @author   Spas Spasov
   5:apps/src/IRQ.c ****   * @version  V1.1.0
   6:apps/src/IRQ.c ****   * @date     10.2014
   7:apps/src/IRQ.c ****   * @brief    This file provides firmware functions ...
   8:apps/src/IRQ.c ****   *
   9:apps/src/IRQ.c ****   ******************************************************************************
  10:apps/src/IRQ.c ****   * @attention
  11:apps/src/IRQ.c ****   *
  12:apps/src/IRQ.c ****   ******************************************************************************
  13:apps/src/IRQ.c ****   */
  14:apps/src/IRQ.c **** 
  15:apps/src/IRQ.c **** /* Includes ------------------------------------------------------------------*/
  16:apps/src/IRQ.c **** #include "chip.h"                        /* chip definitions                */
  17:apps/src/IRQ.c **** #include "LED.h"
  18:apps/src/IRQ.c **** 
  19:apps/src/IRQ.c **** /* Private typedef -----------------------------------------------------------*/
  20:apps/src/IRQ.c **** /* None */
  21:apps/src/IRQ.c **** 
  22:apps/src/IRQ.c **** /* Private define ------------------------------------------------------------*/
  23:apps/src/IRQ.c **** 
  24:apps/src/IRQ.c **** /* Private macro -------------------------------------------------------------*/
  25:apps/src/IRQ.c **** 
  26:apps/src/IRQ.c **** /* Private variables ---------------------------------------------------------*/
  27:apps/src/IRQ.c **** 
  28:apps/src/IRQ.c **** /* Private function prototypes -----------------------------------------------*/
  29:apps/src/IRQ.c **** 
  30:apps/src/IRQ.c **** /* Public function prototypes ------------------------------------------------*/
  31:apps/src/IRQ.c **** 
  32:apps/src/IRQ.c **** /* Private functions ---------------------------------------------------------*/
  33:apps/src/IRQ.c **** 
  34:apps/src/IRQ.c **** /**
  35:apps/src/IRQ.c ****   * @brief  Systick Interrupt Handler,
  36:apps/src/IRQ.c ****   * 				SysTick interrupt happens every 10 ms.
  37:apps/src/IRQ.c ****   * @param  None
  38:apps/src/IRQ.c ****   * @retval None
  39:apps/src/IRQ.c ****   */
  40:apps/src/IRQ.c **** void SysTick_Handler( void ) 
  41:apps/src/IRQ.c **** {
  67              		.loc 1 41 0
  68              		.cfi_startproc
  69              		@ args = 0, pretend = 0, frame = 0
  70              		@ frame_needed = 0, uses_anonymous_args = 0
  71 0000 08B5     		push	{r3, lr}	@
  72              		.cfi_def_cfa_offset 8
  73              		.cfi_offset 3, -8
  74              		.cfi_offset 14, -4
  42:apps/src/IRQ.c ****  static unsigned long ticks = 0;
  43:apps/src/IRQ.c ****  static unsigned int  led_state = 0x00;
  44:apps/src/IRQ.c **** 
  45:apps/src/IRQ.c **** 
  46:apps/src/IRQ.c ****   if (ticks++ >= 99) 					/* Set Clock1s to 1 every second */
  75              		.loc 1 46 0
  76 0002 0E4B     		ldr	r3, .L4	@ tmp116,
  77 0004 1B68     		ldr	r3, [r3]	@ ticks.0, ticks
  78 0006 591C     		adds	r1, r3, #1	@ ticks.2, ticks.1,
  79 0008 0C4A     		ldr	r2, .L4	@ tmp117,
  80 000a 1160     		str	r1, [r2]	@ ticks.2, ticks
  81 000c 622B     		cmp	r3, #98	@ ticks.1,
  82 000e 13D9     		bls	.L1	@,
  47:apps/src/IRQ.c **** 	{                       
  48:apps/src/IRQ.c ****     ticks    = 0;
  83              		.loc 1 48 0
  84 0010 0A4B     		ldr	r3, .L4	@ tmp118,
  85 0012 0022     		movs	r2, #0	@ tmp119,
  86 0014 1A60     		str	r2, [r3]	@ tmp119, ticks
  49:apps/src/IRQ.c **** 		
  50:apps/src/IRQ.c **** 		/* Blink the LED */
  51:apps/src/IRQ.c **** 		if( led_state ) 
  87              		.loc 1 51 0
  88 0016 0A4B     		ldr	r3, .L4+4	@ tmp120,
  89 0018 1B68     		ldr	r3, [r3]	@ led_state.3, led_state
  90 001a 002B     		cmp	r3, #0	@ led_state.3,
  91 001c 05D0     		beq	.L3	@,
  52:apps/src/IRQ.c **** 		{
  53:apps/src/IRQ.c **** 			LedOff();
  92              		.loc 1 53 0
  93 001e FFF7FEFF 		bl	LedOff	@
  54:apps/src/IRQ.c **** 			led_state = 0;
  94              		.loc 1 54 0
  95 0022 074B     		ldr	r3, .L4+4	@ tmp121,
  96 0024 0022     		movs	r2, #0	@ tmp122,
  97 0026 1A60     		str	r2, [r3]	@ tmp122, led_state
  98 0028 06E0     		b	.L1	@
  99              	.L3:
  55:apps/src/IRQ.c **** 		}
  56:apps/src/IRQ.c **** 		else
  57:apps/src/IRQ.c **** 		{
  58:apps/src/IRQ.c **** 			LedOn();
 100              		.loc 1 58 0
 101 002a FFF7FEFF 		bl	LedOn	@
  59:apps/src/IRQ.c **** 			led_state++;
 102              		.loc 1 59 0
 103 002e 044B     		ldr	r3, .L4+4	@ tmp123,
 104 0030 1B68     		ldr	r3, [r3]	@ led_state.4, led_state
 105 0032 5A1C     		adds	r2, r3, #1	@ led_state.5, led_state.4,
 106 0034 024B     		ldr	r3, .L4+4	@ tmp124,
 107 0036 1A60     		str	r2, [r3]	@ led_state.5, led_state
 108              	.L1:
  60:apps/src/IRQ.c **** 		}
  61:apps/src/IRQ.c ****   }
  62:apps/src/IRQ.c **** }
 109              		.loc 1 62 0
 110 0038 08BD     		pop	{r3, pc}	@
 111              	.L5:
 112 003a 00BF     		.align	2
 113              	.L4:
 114 003c 00000000 		.word	ticks.7212
 115 0040 04000000 		.word	led_state.7213
 116              		.cfi_endproc
 117              	.LFE116:
 119              		.bss
 120              		.align	2
 121              	ticks.7212:
 122 0000 00000000 		.space	4
 123              		.align	2
 124              	led_state.7213:
 125 0004 00000000 		.space	4
 126              		.text
 127              	.Letext0:
 128              		.file 2 "d:\\armgcc\\arm-none-eabi\\include\\machine\\_default_types.h"
 129              		.file 3 "d:\\armgcc\\arm-none-eabi\\include\\stdint.h"
 130              		.file 4 "cmsis_core/core_cm4.h"
DEFINED SYMBOLS
                            *ABS*:00000000 IRQ.c
C:\Users\Spas\AppData\Local\Temp\ccD4G4Vi.s:59     .text:00000000 $t
C:\Users\Spas\AppData\Local\Temp\ccD4G4Vi.s:64     .text:00000000 SysTick_Handler
C:\Users\Spas\AppData\Local\Temp\ccD4G4Vi.s:114    .text:0000003c $d
C:\Users\Spas\AppData\Local\Temp\ccD4G4Vi.s:121    .bss:00000000 ticks.7212
C:\Users\Spas\AppData\Local\Temp\ccD4G4Vi.s:124    .bss:00000004 led_state.7213
C:\Users\Spas\AppData\Local\Temp\ccD4G4Vi.s:120    .bss:00000000 $d
                     .debug_frame:00000010 $d
                           .group:00000000 wm4.0.bb49f1eb716983c9014b6db3ebb18dd1
                           .group:00000000 wm4.chip.h.31.ffb1374c8cfd711bf08b18cb482cdecd
                           .group:00000000 wm4.features.h.22.6a4ca7cd053637cc1d0db6c16f39b2d7
                           .group:00000000 wm4._default_types.h.15.8b2cb27e528498f8ff711db085d6e489
                           .group:00000000 wm4.stdint.h.20.796e373797e732130a803d4c0338fa1b
                           .group:00000000 wm4.sam4s8b.h.216.85427310ee57c6602cdb44976ff8eafc
                           .group:00000000 wm4.core_cm4.h.47.facd8ba456d1edc74a9cd34e5ef24231
                           .group:00000000 wm4.core_cmInstr.h.39.3d3d1b4a79aef37532666dc6ee87c6ac
                           .group:00000000 wm4.core_cm4_simd.h.43.d8e10c63b7db2f2a1586965c37b6affe
                           .group:00000000 wm4.core_cm4.h.178.877dd53394110c198a69aa86aba65870
                           .group:00000000 wm4.acc.h.31.dfd29459e721169d72014eb762f71214
                           .group:00000000 wm4.adc.h.31.c6656640e20d1eafe623af86cb226fca
                           .group:00000000 wm4.chipid.h.31.3af5a36d0a4a9a225c9afb52a1aea0b9
                           .group:00000000 wm4.crccu.h.31.a496852d13935483993734d587fc2f8e
                           .group:00000000 wm4.dacc.h.31.c9217b43fde87abb246765d0ddcb9c5a
                           .group:00000000 wm4.efc.h.31.0bf8e93e6585804f24ede0a4e728599a
                           .group:00000000 wm4.gpbr.h.31.7a5e3dd0c356c6b68d5c512bbdf67f08
                           .group:00000000 wm4.hsmci.h.31.9d224a62fa1ec786508b485b0627d948
                           .group:00000000 wm4.matrix.h.31.c705893f10dd90abec557434f19f4c80
                           .group:00000000 wm4.pdc.h.31.e2d19841c81c9c2bbeeb400b89d315b5
                           .group:00000000 wm4.pio.h.31.8c8983d26a861f040f0f117c14ec06d2
                           .group:00000000 wm4.pmc.h.31.ee762809cf9b67f8c369267b7f38d1b3
                           .group:00000000 wm4.pwm.h.31.da9b7d8dc8ac9c261fdee7e206bdee45
                           .group:00000000 wm4.rstc.h.31.96e972cc48a3044e9dca7f2d844f33fb
                           .group:00000000 wm4.rtc.h.31.f40a4fc6ecffe9e0a8284c655825715f
                           .group:00000000 wm4.rtt.h.31.f70870f04ef5dbcac3269f990b758352
                           .group:00000000 wm4.spi.h.31.f86a4b9d7f4ee32bf9133e4926aa8885
                           .group:00000000 wm4.ssc.h.31.b805b08edc780a096d6650d6ca36d1ca
                           .group:00000000 wm4.supc.h.31.131b9cb8083389b79a4bd5bf451243ef
                           .group:00000000 wm4.tc.h.31.8da8c788d3223db5455d03e5435ef8db
                           .group:00000000 wm4.twi.h.31.22147bf5d3d32053731c632df0e79c3c
                           .group:00000000 wm4.uart.h.31.8e28760a665c54768e00ff4c7a643590
                           .group:00000000 wm4.udp.h.31.edd1ad37d3ebc2c446bab55b82a89df9
                           .group:00000000 wm4.usart.h.31.f84a5833fa97905e15d92372b7a4d3aa
                           .group:00000000 wm4.wdt.h.31.bf9508cda074277d961fffa2c014b7c4
                           .group:00000000 wm4.hsmci.h.31.3557701962362e69e14e53f685fa289c
                           .group:00000000 wm4.ssc.h.31.b3090d071ea322e9320de7b3374b6c7d
                           .group:00000000 wm4.spi.h.31.0c099f04fc71f13866451dd19f165ce5
                           .group:00000000 wm4.tc0.h.31.82f2382972b60e05b032ad12082a9b88
                           .group:00000000 wm4.tc1.h.31.a45ad165f1e4a4be41030d128002f2e1
                           .group:00000000 wm4.twi0.h.31.a2f6579ad734afdd1f8957b7fc33aa94
                           .group:00000000 wm4.twi1.h.31.dcb9c8cbe7f017d537033c87ba5ff61b
                           .group:00000000 wm4.pwm.h.31.2d9663b87a377027ead59c1615e3084b
                           .group:00000000 wm4.usart0.h.31.ec6af36a3993709e003c7713e45e6d44
                           .group:00000000 wm4.usart1.h.31.eafbafd9baa63489c7d4b47b07dd4359
                           .group:00000000 wm4.udp.h.31.72bce9f16287d99e27dc398746c7b41a
                           .group:00000000 wm4.adc.h.31.d1d169655aedc0ac5464b9bc3e038d91
                           .group:00000000 wm4.dacc.h.31.f498d7e9c6281f6aa2a76955bd19179f
                           .group:00000000 wm4.acc.h.31.bd89452c6f6042da160b09b91f7b4ad6
                           .group:00000000 wm4.crccu.h.31.0f8ee11e21f25cd8f0d59ee9bd2d6017
                           .group:00000000 wm4.matrix.h.31.16f7506a18ec96f1a889a659d8f54158
                           .group:00000000 wm4.pmc.h.31.8ee9f69608f942cb1f3f8bedac24c137
                           .group:00000000 wm4.uart0.h.31.107626f9f656553c6d028df3e0c36652
                           .group:00000000 wm4.chipid.h.31.3d621c981fbba4cbcdf919961d16a7e0
                           .group:00000000 wm4.uart1.h.31.8229a0a664aa704025162a106c6f1697
                           .group:00000000 wm4.efc0.h.31.aa56af1c721ea83a50dc1967a8959b7e
                           .group:00000000 wm4.pioa.h.31.577ac2183c73a1a02e92e91a0e37e8fe
                           .group:00000000 wm4.piob.h.31.3d18377ca5f71fef4e536cd97e1dced2
                           .group:00000000 wm4.pioc.h.31.9fd85e02d9919f268f52f61ee7874ed4
                           .group:00000000 wm4.rstc.h.31.d42d559221b78874dbf800ea2429b8d0
                           .group:00000000 wm4.supc.h.31.851dbe7e029de2cc98417e6c6ce74d66
                           .group:00000000 wm4.rtt.h.31.b6f3540f51d07e433e9f2b607b78fa5d
                           .group:00000000 wm4.wdt.h.31.e29a378018b6da05e80df7a7d3fae91a
                           .group:00000000 wm4.rtc.h.31.62bff3fa21e4de3cfaf653749f73ca5b
                           .group:00000000 wm4.gpbr.h.31.a690ec9ac14ca127f47cc304a062f896
                           .group:00000000 wm4.sam4s8b.h.310.cfe4025ce42f19fc6dad5600399e6497
                           .group:00000000 wm4.sam4s8b.h.31.bac0ae8aa6a8295f4ede171816a1bfbd
                           .group:00000000 wm4.sam4s8b.h.455.d99766a935df92fcae5a6292daf0b9af
                           .group:00000000 wm4.newlib.h.8.fec018e441fee7bfa1923812ad010f97
                           .group:00000000 wm4.config.h.212.4163ef2871a828c674038d036b081cfd
                           .group:00000000 wm4._ansi.h.23.2147fde150631f5584b9dc29b914d1b8
                           .group:00000000 wm4.assert.h.11.7fe9eb241be6b0fee772a1e693b81ae3
                           .group:00000000 wm4.acc.h.61.44cfae6040af09278183f92220a11c11
                           .group:00000000 wm4.assert.h.11.7043852a511d37ae606afa012e67e471
                           .group:00000000 wm4.adc.h.62.836e1c74f33a3b2357c489804b9e4164
                           .group:00000000 wm4.async.h.38.b923efd27c82eb8a5a30fb0d9a711171
                           .group:00000000 wm4.dacc.h.61.de15528749b6a5508d4e234e0989531c
                           .group:00000000 wm4.efc.h.51.dca436509f69196baef24b3ff3ad1b51
                           .group:00000000 wm4.flashd.h.38.2c9bfdc532d7034a024627acda3e3c0b
                           .group:00000000 wm4.stdio.h.27.3fc80220048df77954e38daec3bb9670
                           .group:00000000 wm4.stddef.h.184.159df79b4ca79c76561572a55985524c
                           .group:00000000 wm4.stdarg.h.34.3a23a216c0c293b3d2ea2e89281481e6
                           .group:00000000 wm4.stddef.h.39.7e3d906ac58942e0b374c527445f5de5
                           .group:00000000 wm4.lock.h.2.9bc98482741e5e2a9450b12934a684ea
                           .group:00000000 wm4._types.h.54.d3d34a3b7f3cc230cd159baf022b4b08
                           .group:00000000 wm4.stddef.h.158.61317cdbfb4026324507d123a50b0fd6
                           .group:00000000 wm4.reent.h.17.8bd9e4098e0428508c282cad794fae43
                           .group:00000000 wm4.types.h.23.0d949686bbcadd1621462d4fa1f884f9
                           .group:00000000 wm4.types.h.2.e9cec8c90ab35f77d9f499e06ae02400
                           .group:00000000 wm4.types.h.80.56707660962b21991903f1fee7c13bb3
                           .group:00000000 wm4.stdio.h.2.4aa87247282eca6c8f36f9de33d8df1a
                           .group:00000000 wm4.stdio.h.64.0f05fa42cfe2db7fc44729a52d3ba948
                           .group:00000000 wm4.hsmci.h.110.610f58f6a31861e37bc09b5b7be09388
                           .group:00000000 wm4.pio.h.68.5d85e14ea6ea0da924da53053bc590d1
                           .group:00000000 wm4.rtc.h.38.8bf78db8651343e80a889203827406a5
                           .group:00000000 wm4.spi.h.38.450641354031b1013c08519149294c78
                           .group:00000000 wm4.spi_pdc.h.38.75857b1dd4449731562322c9709581d8
                           .group:00000000 wm4.twi.h.38.68f2e661eb174ca9ca74eef9740d9a3a
                           .group:00000000 wm4.twid.h.31.9ea8c90af654647ca4d6e3b74e701509
                           .group:00000000 wm4.usart.h.55.88c716ee7c3b6ed0339de6e194786a12
                           .group:00000000 wm4.trace.h.65.364d8fb880402737deb1646f3fc9e1eb
                           .group:00000000 wm4.chip.h.106.a1f123eb25606bfd56ed06360bda02b0

UNDEFINED SYMBOLS
LedOff
LedOn
