   1              		.syntax unified
   2              		.cpu cortex-m4
   3              		.fpu softvfp
   4              		.eabi_attribute 20, 1	@ Tag_ABI_FP_denormal
   5              		.eabi_attribute 21, 1	@ Tag_ABI_FP_exceptions
   6              		.eabi_attribute 23, 3	@ Tag_ABI_FP_number_model
   7              		.eabi_attribute 24, 1	@ Tag_ABI_align8_needed
   8              		.eabi_attribute 25, 1	@ Tag_ABI_align8_preserved
   9              		.eabi_attribute 26, 1	@ Tag_ABI_enum_size
  10              		.eabi_attribute 30, 6	@ Tag_ABI_optimization_goals
  11              		.eabi_attribute 34, 1	@ Tag_CPU_unaligned_access
  12              		.eabi_attribute 18, 4	@ Tag_ABI_PCS_wchar_t
  13              		.file	"Sinclair_S.c"
  14              	@ GNU C (GNU Tools for ARM Embedded Processors) version 4.8.4 20140725 (release) [ARM/embedded-4_8-
  15              	@	compiled by GNU C version 4.7.4, GMP version 4.3.2, MPFR version 2.4.2, MPC version 0.8.1
  16              	@ GGC heuristics: --param ggc-min-expand=100 --param ggc-min-heapsize=131072
  17              	@ options passed:  -I . -I apps -I apps/inc -I apps/src -I apps/src/fonts
  18              	@ -I cmsis_boot -I cmsis_boot/startup -I cmsis_core
  19              	@ -I SAM4S_StdPeriph_Driver -I SAM4S_StdPeriph_Driver/Include
  20              	@ -I SAM4S_StdPeriph_Driver/Include/SAM4S
  21              	@ -I SAM4S_StdPeriph_Driver/Include/SAM4S/component
  22              	@ -I SAM4S_StdPeriph_Driver/Include/SAM4S/instance
  23              	@ -I SAM4S_StdPeriph_Driver/Include/SAM4S/pio
  24              	@ -I SAM4S_StdPeriph_Driver/Source -I SAM4S_StdPeriph_Driver/Source/SAM4S
  25              	@ -I SAM4S_StdPeriph_Driver/Source/SAM4S/include
  26              	@ -I SAM4S_StdPeriph_Driver/Source/SAM4S/source -I user_libs
  27              	@ -I user_libs/inc -I user_libs/src -imultilib armv7e-m
  28              	@ -iprefix d:\armgcc\bin\../lib/gcc/arm-none-eabi/4.8.4/
  29              	@ -isysroot d:\armgcc\bin\../arm-none-eabi
  30              	@ -MD out/apps/src/fonts/Sinclair_S.d
  31              	@ -MF out/apps/src/fonts/Sinclair_S.o.dep -MP
  32              	@ -MQ out/apps/src/fonts/Sinclair_S.o -D__USES_INITFINI__ -D gcc
  33              	@ apps/src/fonts/Sinclair_S.c -mcpu=cortex-m4 -mthumb
  34              	@ -auxbase-strip out/apps/src/fonts/Sinclair_S.o -ggdb3 -O0 -Wall
  35              	@ -Wpointer-arith -Wswitch -Wnested-externs -std=gnu99 -fomit-frame-pointer
  36              	@ -fverbose-asm -funsigned-char
  37              	@ options enabled:  -faggressive-loop-optimizations -fauto-inc-dec
  38              	@ -fbranch-count-reg -fcommon -fdelete-null-pointer-checks -fdwarf2-cfi-asm
  39              	@ -fearly-inlining -feliminate-unused-debug-types -ffunction-cse -fgcse-lm
  40              	@ -fgnu-runtime -fgnu-unique -fident -finline-atomics -fira-hoist-pressure
  41              	@ -fira-share-save-slots -fira-share-spill-slots -fivopts
  42              	@ -fkeep-static-consts -fleading-underscore -fmath-errno
  43              	@ -fmerge-debug-strings -fmove-loop-invariants -fomit-frame-pointer
  44              	@ -fpeephole -fprefetch-loop-arrays -freg-struct-return
  45              	@ -fsched-critical-path-heuristic -fsched-dep-count-heuristic
  46              	@ -fsched-group-heuristic -fsched-interblock -fsched-last-insn-heuristic
  47              	@ -fsched-rank-heuristic -fsched-spec -fsched-spec-insn-heuristic
  48              	@ -fsched-stalled-insns-dep -fshow-column -fsigned-zeros
  49              	@ -fsplit-ivs-in-unroller -fstrict-volatile-bitfields -fsync-libcalls
  50              	@ -ftrapping-math -ftree-coalesce-vars -ftree-cselim -ftree-forwprop
  51              	@ -ftree-loop-if-convert -ftree-loop-im -ftree-loop-ivcanon
  52              	@ -ftree-loop-optimize -ftree-parallelize-loops= -ftree-phiprop -ftree-pta
  53              	@ -ftree-reassoc -ftree-scev-cprop -ftree-slp-vectorize
  54              	@ -ftree-vect-loop-version -funit-at-a-time -fverbose-asm
  55              	@ -fzero-initialized-in-bss -mlittle-endian -mpic-data-is-text-relative
  56              	@ -msched-prolog -mthumb -munaligned-access -mvectorize-with-neon-quad
  57              	
  58              		.text
  59              	.Ltext0:
  60              		.cfi_sections	.debug_frame
  61              		.global	Sinclair_S
  62              		.section	.rodata
  63              		.align	2
  66              	Sinclair_S:
  67 0000 08       		.byte	8
  68 0001 08       		.byte	8
  69 0002 20       		.byte	32
  70 0003 5F       		.byte	95
  71 0004 00       		.byte	0
  72 0005 00       		.byte	0
  73 0006 00       		.byte	0
  74 0007 00       		.byte	0
  75 0008 00       		.byte	0
  76 0009 00       		.byte	0
  77 000a 00       		.byte	0
  78 000b 00       		.byte	0
  79 000c 7E       		.byte	126
  80 000d 81       		.byte	-127
  81 000e A5       		.byte	-91
  82 000f 81       		.byte	-127
  83 0010 BD       		.byte	-67
  84 0011 99       		.byte	-103
  85 0012 81       		.byte	-127
  86 0013 7E       		.byte	126
  87 0014 7E       		.byte	126
  88 0015 FF       		.byte	-1
  89 0016 DB       		.byte	-37
  90 0017 FF       		.byte	-1
  91 0018 C3       		.byte	-61
  92 0019 E7       		.byte	-25
  93 001a FF       		.byte	-1
  94 001b 7E       		.byte	126
  95 001c 6C       		.byte	108
  96 001d FE       		.byte	-2
  97 001e FE       		.byte	-2
  98 001f FE       		.byte	-2
  99 0020 7C       		.byte	124
 100 0021 38       		.byte	56
 101 0022 10       		.byte	16
 102 0023 00       		.byte	0
 103 0024 10       		.byte	16
 104 0025 38       		.byte	56
 105 0026 7C       		.byte	124
 106 0027 FE       		.byte	-2
 107 0028 7C       		.byte	124
 108 0029 38       		.byte	56
 109 002a 10       		.byte	16
 110 002b 00       		.byte	0
 111 002c 38       		.byte	56
 112 002d 7C       		.byte	124
 113 002e 38       		.byte	56
 114 002f FE       		.byte	-2
 115 0030 FE       		.byte	-2
 116 0031 7C       		.byte	124
 117 0032 38       		.byte	56
 118 0033 7C       		.byte	124
 119 0034 10       		.byte	16
 120 0035 10       		.byte	16
 121 0036 38       		.byte	56
 122 0037 7C       		.byte	124
 123 0038 FE       		.byte	-2
 124 0039 7C       		.byte	124
 125 003a 38       		.byte	56
 126 003b 7C       		.byte	124
 127 003c 00       		.byte	0
 128 003d 00       		.byte	0
 129 003e 18       		.byte	24
 130 003f 3C       		.byte	60
 131 0040 3C       		.byte	60
 132 0041 18       		.byte	24
 133 0042 00       		.byte	0
 134 0043 00       		.byte	0
 135 0044 FF       		.byte	-1
 136 0045 FF       		.byte	-1
 137 0046 E7       		.byte	-25
 138 0047 C3       		.byte	-61
 139 0048 C3       		.byte	-61
 140 0049 E7       		.byte	-25
 141 004a FF       		.byte	-1
 142 004b FF       		.byte	-1
 143 004c 00       		.byte	0
 144 004d 3C       		.byte	60
 145 004e 66       		.byte	102
 146 004f 42       		.byte	66
 147 0050 42       		.byte	66
 148 0051 66       		.byte	102
 149 0052 3C       		.byte	60
 150 0053 00       		.byte	0
 151 0054 FF       		.byte	-1
 152 0055 C3       		.byte	-61
 153 0056 99       		.byte	-103
 154 0057 BD       		.byte	-67
 155 0058 BD       		.byte	-67
 156 0059 99       		.byte	-103
 157 005a C3       		.byte	-61
 158 005b FF       		.byte	-1
 159 005c 0F       		.byte	15
 160 005d 07       		.byte	7
 161 005e 0F       		.byte	15
 162 005f 7D       		.byte	125
 163 0060 CC       		.byte	-52
 164 0061 CC       		.byte	-52
 165 0062 CC       		.byte	-52
 166 0063 78       		.byte	120
 167 0064 3C       		.byte	60
 168 0065 66       		.byte	102
 169 0066 66       		.byte	102
 170 0067 66       		.byte	102
 171 0068 3C       		.byte	60
 172 0069 18       		.byte	24
 173 006a 7E       		.byte	126
 174 006b 18       		.byte	24
 175 006c 3F       		.byte	63
 176 006d 33       		.byte	51
 177 006e 3F       		.byte	63
 178 006f 30       		.byte	48
 179 0070 30       		.byte	48
 180 0071 70       		.byte	112
 181 0072 F0       		.byte	-16
 182 0073 E0       		.byte	-32
 183 0074 7F       		.byte	127
 184 0075 63       		.byte	99
 185 0076 7F       		.byte	127
 186 0077 63       		.byte	99
 187 0078 63       		.byte	99
 188 0079 67       		.byte	103
 189 007a E6       		.byte	-26
 190 007b C0       		.byte	-64
 191 007c 99       		.byte	-103
 192 007d 5A       		.byte	90
 193 007e 3C       		.byte	60
 194 007f E7       		.byte	-25
 195 0080 E7       		.byte	-25
 196 0081 3C       		.byte	60
 197 0082 5A       		.byte	90
 198 0083 99       		.byte	-103
 199 0084 80       		.byte	-128
 200 0085 E0       		.byte	-32
 201 0086 F8       		.byte	-8
 202 0087 FE       		.byte	-2
 203 0088 F8       		.byte	-8
 204 0089 E0       		.byte	-32
 205 008a 80       		.byte	-128
 206 008b 00       		.byte	0
 207 008c 02       		.byte	2
 208 008d 0E       		.byte	14
 209 008e 3E       		.byte	62
 210 008f FE       		.byte	-2
 211 0090 3E       		.byte	62
 212 0091 0E       		.byte	14
 213 0092 02       		.byte	2
 214 0093 00       		.byte	0
 215 0094 18       		.byte	24
 216 0095 3C       		.byte	60
 217 0096 7E       		.byte	126
 218 0097 18       		.byte	24
 219 0098 18       		.byte	24
 220 0099 7E       		.byte	126
 221 009a 3C       		.byte	60
 222 009b 18       		.byte	24
 223 009c 66       		.byte	102
 224 009d 66       		.byte	102
 225 009e 66       		.byte	102
 226 009f 66       		.byte	102
 227 00a0 66       		.byte	102
 228 00a1 00       		.byte	0
 229 00a2 66       		.byte	102
 230 00a3 00       		.byte	0
 231 00a4 7F       		.byte	127
 232 00a5 DB       		.byte	-37
 233 00a6 DB       		.byte	-37
 234 00a7 7B       		.byte	123
 235 00a8 1B       		.byte	27
 236 00a9 1B       		.byte	27
 237 00aa 1B       		.byte	27
 238 00ab 00       		.byte	0
 239 00ac 3E       		.byte	62
 240 00ad 63       		.byte	99
 241 00ae 38       		.byte	56
 242 00af 6C       		.byte	108
 243 00b0 6C       		.byte	108
 244 00b1 38       		.byte	56
 245 00b2 CC       		.byte	-52
 246 00b3 78       		.byte	120
 247 00b4 00       		.byte	0
 248 00b5 00       		.byte	0
 249 00b6 00       		.byte	0
 250 00b7 00       		.byte	0
 251 00b8 7E       		.byte	126
 252 00b9 7E       		.byte	126
 253 00ba 7E       		.byte	126
 254 00bb 00       		.byte	0
 255 00bc 18       		.byte	24
 256 00bd 3C       		.byte	60
 257 00be 7E       		.byte	126
 258 00bf 18       		.byte	24
 259 00c0 7E       		.byte	126
 260 00c1 3C       		.byte	60
 261 00c2 18       		.byte	24
 262 00c3 FF       		.byte	-1
 263 00c4 18       		.byte	24
 264 00c5 3C       		.byte	60
 265 00c6 7E       		.byte	126
 266 00c7 18       		.byte	24
 267 00c8 18       		.byte	24
 268 00c9 18       		.byte	24
 269 00ca 18       		.byte	24
 270 00cb 00       		.byte	0
 271 00cc 18       		.byte	24
 272 00cd 18       		.byte	24
 273 00ce 18       		.byte	24
 274 00cf 18       		.byte	24
 275 00d0 7E       		.byte	126
 276 00d1 3C       		.byte	60
 277 00d2 18       		.byte	24
 278 00d3 00       		.byte	0
 279 00d4 00       		.byte	0
 280 00d5 18       		.byte	24
 281 00d6 0C       		.byte	12
 282 00d7 FE       		.byte	-2
 283 00d8 0C       		.byte	12
 284 00d9 18       		.byte	24
 285 00da 00       		.byte	0
 286 00db 00       		.byte	0
 287 00dc 00       		.byte	0
 288 00dd 30       		.byte	48
 289 00de 60       		.byte	96
 290 00df FE       		.byte	-2
 291 00e0 60       		.byte	96
 292 00e1 30       		.byte	48
 293 00e2 00       		.byte	0
 294 00e3 00       		.byte	0
 295 00e4 00       		.byte	0
 296 00e5 00       		.byte	0
 297 00e6 C0       		.byte	-64
 298 00e7 C0       		.byte	-64
 299 00e8 C0       		.byte	-64
 300 00e9 FE       		.byte	-2
 301 00ea 00       		.byte	0
 302 00eb 00       		.byte	0
 303 00ec 00       		.byte	0
 304 00ed 24       		.byte	36
 305 00ee 66       		.byte	102
 306 00ef FF       		.byte	-1
 307 00f0 66       		.byte	102
 308 00f1 24       		.byte	36
 309 00f2 00       		.byte	0
 310 00f3 00       		.byte	0
 311 00f4 00       		.byte	0
 312 00f5 18       		.byte	24
 313 00f6 3C       		.byte	60
 314 00f7 7E       		.byte	126
 315 00f8 FF       		.byte	-1
 316 00f9 FF       		.byte	-1
 317 00fa 00       		.byte	0
 318 00fb 00       		.byte	0
 319 00fc 00       		.byte	0
 320 00fd FF       		.byte	-1
 321 00fe FF       		.byte	-1
 322 00ff 7E       		.byte	126
 323 0100 3C       		.byte	60
 324 0101 18       		.byte	24
 325 0102 00       		.byte	0
 326 0103 00       		.byte	0
 327 0104 00       		.byte	0
 328 0105 00       		.byte	0
 329 0106 00       		.byte	0
 330 0107 00       		.byte	0
 331 0108 00       		.byte	0
 332 0109 00       		.byte	0
 333 010a 00       		.byte	0
 334 010b 00       		.byte	0
 335 010c 08       		.byte	8
 336 010d 08       		.byte	8
 337 010e 08       		.byte	8
 338 010f 08       		.byte	8
 339 0110 08       		.byte	8
 340 0111 00       		.byte	0
 341 0112 08       		.byte	8
 342 0113 00       		.byte	0
 343 0114 14       		.byte	20
 344 0115 14       		.byte	20
 345 0116 00       		.byte	0
 346 0117 00       		.byte	0
 347 0118 00       		.byte	0
 348 0119 00       		.byte	0
 349 011a 00       		.byte	0
 350 011b 00       		.byte	0
 351 011c 00       		.byte	0
 352 011d 24       		.byte	36
 353 011e 7E       		.byte	126
 354 011f 24       		.byte	36
 355 0120 24       		.byte	36
 356 0121 7E       		.byte	126
 357 0122 24       		.byte	36
 358 0123 00       		.byte	0
 359 0124 10       		.byte	16
 360 0125 7C       		.byte	124
 361 0126 50       		.byte	80
 362 0127 7C       		.byte	124
 363 0128 14       		.byte	20
 364 0129 7C       		.byte	124
 365 012a 10       		.byte	16
 366 012b 00       		.byte	0
 367 012c 00       		.byte	0
 368 012d 62       		.byte	98
 369 012e 64       		.byte	100
 370 012f 08       		.byte	8
 371 0130 10       		.byte	16
 372 0131 26       		.byte	38
 373 0132 46       		.byte	70
 374 0133 00       		.byte	0
 375 0134 00       		.byte	0
 376 0135 10       		.byte	16
 377 0136 28       		.byte	40
 378 0137 10       		.byte	16
 379 0138 2A       		.byte	42
 380 0139 44       		.byte	68
 381 013a 3A       		.byte	58
 382 013b 00       		.byte	0
 383 013c 00       		.byte	0
 384 013d 08       		.byte	8
 385 013e 10       		.byte	16
 386 013f 00       		.byte	0
 387 0140 00       		.byte	0
 388 0141 00       		.byte	0
 389 0142 00       		.byte	0
 390 0143 00       		.byte	0
 391 0144 00       		.byte	0
 392 0145 08       		.byte	8
 393 0146 10       		.byte	16
 394 0147 10       		.byte	16
 395 0148 10       		.byte	16
 396 0149 10       		.byte	16
 397 014a 08       		.byte	8
 398 014b 00       		.byte	0
 399 014c 00       		.byte	0
 400 014d 10       		.byte	16
 401 014e 08       		.byte	8
 402 014f 08       		.byte	8
 403 0150 08       		.byte	8
 404 0151 08       		.byte	8
 405 0152 10       		.byte	16
 406 0153 00       		.byte	0
 407 0154 00       		.byte	0
 408 0155 00       		.byte	0
 409 0156 28       		.byte	40
 410 0157 10       		.byte	16
 411 0158 7C       		.byte	124
 412 0159 10       		.byte	16
 413 015a 28       		.byte	40
 414 015b 00       		.byte	0
 415 015c 00       		.byte	0
 416 015d 00       		.byte	0
 417 015e 10       		.byte	16
 418 015f 10       		.byte	16
 419 0160 7C       		.byte	124
 420 0161 10       		.byte	16
 421 0162 10       		.byte	16
 422 0163 00       		.byte	0
 423 0164 00       		.byte	0
 424 0165 00       		.byte	0
 425 0166 00       		.byte	0
 426 0167 00       		.byte	0
 427 0168 00       		.byte	0
 428 0169 08       		.byte	8
 429 016a 08       		.byte	8
 430 016b 10       		.byte	16
 431 016c 00       		.byte	0
 432 016d 00       		.byte	0
 433 016e 00       		.byte	0
 434 016f 00       		.byte	0
 435 0170 7C       		.byte	124
 436 0171 00       		.byte	0
 437 0172 00       		.byte	0
 438 0173 00       		.byte	0
 439 0174 00       		.byte	0
 440 0175 00       		.byte	0
 441 0176 00       		.byte	0
 442 0177 00       		.byte	0
 443 0178 00       		.byte	0
 444 0179 18       		.byte	24
 445 017a 18       		.byte	24
 446 017b 00       		.byte	0
 447 017c 00       		.byte	0
 448 017d 00       		.byte	0
 449 017e 04       		.byte	4
 450 017f 08       		.byte	8
 451 0180 10       		.byte	16
 452 0181 20       		.byte	32
 453 0182 40       		.byte	64
 454 0183 00       		.byte	0
 455 0184 00       		.byte	0
 456 0185 78       		.byte	120
 457 0186 8C       		.byte	-116
 458 0187 94       		.byte	-108
 459 0188 A4       		.byte	-92
 460 0189 C4       		.byte	-60
 461 018a 78       		.byte	120
 462 018b 00       		.byte	0
 463 018c 00       		.byte	0
 464 018d 60       		.byte	96
 465 018e A0       		.byte	-96
 466 018f 20       		.byte	32
 467 0190 20       		.byte	32
 468 0191 20       		.byte	32
 469 0192 F8       		.byte	-8
 470 0193 00       		.byte	0
 471 0194 00       		.byte	0
 472 0195 78       		.byte	120
 473 0196 84       		.byte	-124
 474 0197 04       		.byte	4
 475 0198 78       		.byte	120
 476 0199 80       		.byte	-128
 477 019a FC       		.byte	-4
 478 019b 00       		.byte	0
 479 019c 00       		.byte	0
 480 019d 78       		.byte	120
 481 019e 84       		.byte	-124
 482 019f 18       		.byte	24
 483 01a0 04       		.byte	4
 484 01a1 84       		.byte	-124
 485 01a2 78       		.byte	120
 486 01a3 00       		.byte	0
 487 01a4 00       		.byte	0
 488 01a5 10       		.byte	16
 489 01a6 30       		.byte	48
 490 01a7 50       		.byte	80
 491 01a8 90       		.byte	-112
 492 01a9 FC       		.byte	-4
 493 01aa 10       		.byte	16
 494 01ab 00       		.byte	0
 495 01ac 00       		.byte	0
 496 01ad FC       		.byte	-4
 497 01ae 80       		.byte	-128
 498 01af F8       		.byte	-8
 499 01b0 04       		.byte	4
 500 01b1 84       		.byte	-124
 501 01b2 78       		.byte	120
 502 01b3 00       		.byte	0
 503 01b4 00       		.byte	0
 504 01b5 78       		.byte	120
 505 01b6 80       		.byte	-128
 506 01b7 F8       		.byte	-8
 507 01b8 84       		.byte	-124
 508 01b9 84       		.byte	-124
 509 01ba 78       		.byte	120
 510 01bb 00       		.byte	0
 511 01bc 00       		.byte	0
 512 01bd FC       		.byte	-4
 513 01be 04       		.byte	4
 514 01bf 08       		.byte	8
 515 01c0 10       		.byte	16
 516 01c1 20       		.byte	32
 517 01c2 20       		.byte	32
 518 01c3 00       		.byte	0
 519 01c4 00       		.byte	0
 520 01c5 78       		.byte	120
 521 01c6 84       		.byte	-124
 522 01c7 78       		.byte	120
 523 01c8 84       		.byte	-124
 524 01c9 84       		.byte	-124
 525 01ca 78       		.byte	120
 526 01cb 00       		.byte	0
 527 01cc 00       		.byte	0
 528 01cd 78       		.byte	120
 529 01ce 84       		.byte	-124
 530 01cf 84       		.byte	-124
 531 01d0 7C       		.byte	124
 532 01d1 04       		.byte	4
 533 01d2 78       		.byte	120
 534 01d3 00       		.byte	0
 535 01d4 00       		.byte	0
 536 01d5 00       		.byte	0
 537 01d6 00       		.byte	0
 538 01d7 10       		.byte	16
 539 01d8 00       		.byte	0
 540 01d9 00       		.byte	0
 541 01da 10       		.byte	16
 542 01db 00       		.byte	0
 543 01dc 00       		.byte	0
 544 01dd 00       		.byte	0
 545 01de 10       		.byte	16
 546 01df 00       		.byte	0
 547 01e0 00       		.byte	0
 548 01e1 10       		.byte	16
 549 01e2 10       		.byte	16
 550 01e3 20       		.byte	32
 551 01e4 00       		.byte	0
 552 01e5 00       		.byte	0
 553 01e6 08       		.byte	8
 554 01e7 10       		.byte	16
 555 01e8 20       		.byte	32
 556 01e9 10       		.byte	16
 557 01ea 08       		.byte	8
 558 01eb 00       		.byte	0
 559 01ec 00       		.byte	0
 560 01ed 00       		.byte	0
 561 01ee 00       		.byte	0
 562 01ef 7C       		.byte	124
 563 01f0 00       		.byte	0
 564 01f1 7C       		.byte	124
 565 01f2 00       		.byte	0
 566 01f3 00       		.byte	0
 567 01f4 00       		.byte	0
 568 01f5 00       		.byte	0
 569 01f6 20       		.byte	32
 570 01f7 10       		.byte	16
 571 01f8 08       		.byte	8
 572 01f9 10       		.byte	16
 573 01fa 20       		.byte	32
 574 01fb 00       		.byte	0
 575 01fc 00       		.byte	0
 576 01fd 3C       		.byte	60
 577 01fe 42       		.byte	66
 578 01ff 04       		.byte	4
 579 0200 08       		.byte	8
 580 0201 00       		.byte	0
 581 0202 08       		.byte	8
 582 0203 00       		.byte	0
 583 0204 00       		.byte	0
 584 0205 3C       		.byte	60
 585 0206 4A       		.byte	74
 586 0207 56       		.byte	86
 587 0208 5E       		.byte	94
 588 0209 40       		.byte	64
 589 020a 3C       		.byte	60
 590 020b 00       		.byte	0
 591 020c 00       		.byte	0
 592 020d 78       		.byte	120
 593 020e 84       		.byte	-124
 594 020f 84       		.byte	-124
 595 0210 FC       		.byte	-4
 596 0211 84       		.byte	-124
 597 0212 84       		.byte	-124
 598 0213 00       		.byte	0
 599 0214 00       		.byte	0
 600 0215 F8       		.byte	-8
 601 0216 84       		.byte	-124
 602 0217 F8       		.byte	-8
 603 0218 84       		.byte	-124
 604 0219 84       		.byte	-124
 605 021a F8       		.byte	-8
 606 021b 00       		.byte	0
 607 021c 00       		.byte	0
 608 021d 78       		.byte	120
 609 021e 84       		.byte	-124
 610 021f 80       		.byte	-128
 611 0220 80       		.byte	-128
 612 0221 84       		.byte	-124
 613 0222 78       		.byte	120
 614 0223 00       		.byte	0
 615 0224 00       		.byte	0
 616 0225 F0       		.byte	-16
 617 0226 88       		.byte	-120
 618 0227 84       		.byte	-124
 619 0228 84       		.byte	-124
 620 0229 88       		.byte	-120
 621 022a F0       		.byte	-16
 622 022b 00       		.byte	0
 623 022c 00       		.byte	0
 624 022d FC       		.byte	-4
 625 022e 80       		.byte	-128
 626 022f F8       		.byte	-8
 627 0230 80       		.byte	-128
 628 0231 80       		.byte	-128
 629 0232 FC       		.byte	-4
 630 0233 00       		.byte	0
 631 0234 00       		.byte	0
 632 0235 FC       		.byte	-4
 633 0236 80       		.byte	-128
 634 0237 F8       		.byte	-8
 635 0238 80       		.byte	-128
 636 0239 80       		.byte	-128
 637 023a 80       		.byte	-128
 638 023b 00       		.byte	0
 639 023c 00       		.byte	0
 640 023d 78       		.byte	120
 641 023e 84       		.byte	-124
 642 023f 80       		.byte	-128
 643 0240 9C       		.byte	-100
 644 0241 84       		.byte	-124
 645 0242 78       		.byte	120
 646 0243 00       		.byte	0
 647 0244 00       		.byte	0
 648 0245 84       		.byte	-124
 649 0246 84       		.byte	-124
 650 0247 FC       		.byte	-4
 651 0248 84       		.byte	-124
 652 0249 84       		.byte	-124
 653 024a 84       		.byte	-124
 654 024b 00       		.byte	0
 655 024c 00       		.byte	0
 656 024d 7C       		.byte	124
 657 024e 10       		.byte	16
 658 024f 10       		.byte	16
 659 0250 10       		.byte	16
 660 0251 10       		.byte	16
 661 0252 7C       		.byte	124
 662 0253 00       		.byte	0
 663 0254 00       		.byte	0
 664 0255 04       		.byte	4
 665 0256 04       		.byte	4
 666 0257 04       		.byte	4
 667 0258 84       		.byte	-124
 668 0259 84       		.byte	-124
 669 025a 78       		.byte	120
 670 025b 00       		.byte	0
 671 025c 00       		.byte	0
 672 025d 88       		.byte	-120
 673 025e 90       		.byte	-112
 674 025f E0       		.byte	-32
 675 0260 90       		.byte	-112
 676 0261 88       		.byte	-120
 677 0262 84       		.byte	-124
 678 0263 00       		.byte	0
 679 0264 00       		.byte	0
 680 0265 80       		.byte	-128
 681 0266 80       		.byte	-128
 682 0267 80       		.byte	-128
 683 0268 80       		.byte	-128
 684 0269 80       		.byte	-128
 685 026a FC       		.byte	-4
 686 026b 00       		.byte	0
 687 026c 00       		.byte	0
 688 026d 84       		.byte	-124
 689 026e CC       		.byte	-52
 690 026f B4       		.byte	-76
 691 0270 84       		.byte	-124
 692 0271 84       		.byte	-124
 693 0272 84       		.byte	-124
 694 0273 00       		.byte	0
 695 0274 00       		.byte	0
 696 0275 84       		.byte	-124
 697 0276 C4       		.byte	-60
 698 0277 A4       		.byte	-92
 699 0278 94       		.byte	-108
 700 0279 8C       		.byte	-116
 701 027a 84       		.byte	-124
 702 027b 00       		.byte	0
 703 027c 00       		.byte	0
 704 027d 78       		.byte	120
 705 027e 84       		.byte	-124
 706 027f 84       		.byte	-124
 707 0280 84       		.byte	-124
 708 0281 84       		.byte	-124
 709 0282 78       		.byte	120
 710 0283 00       		.byte	0
 711 0284 00       		.byte	0
 712 0285 F8       		.byte	-8
 713 0286 84       		.byte	-124
 714 0287 84       		.byte	-124
 715 0288 F8       		.byte	-8
 716 0289 80       		.byte	-128
 717 028a 80       		.byte	-128
 718 028b 00       		.byte	0
 719 028c 00       		.byte	0
 720 028d 78       		.byte	120
 721 028e 84       		.byte	-124
 722 028f 84       		.byte	-124
 723 0290 A4       		.byte	-92
 724 0291 94       		.byte	-108
 725 0292 78       		.byte	120
 726 0293 00       		.byte	0
 727 0294 00       		.byte	0
 728 0295 F8       		.byte	-8
 729 0296 84       		.byte	-124
 730 0297 84       		.byte	-124
 731 0298 F8       		.byte	-8
 732 0299 88       		.byte	-120
 733 029a 84       		.byte	-124
 734 029b 00       		.byte	0
 735 029c 00       		.byte	0
 736 029d 78       		.byte	120
 737 029e 80       		.byte	-128
 738 029f 78       		.byte	120
 739 02a0 04       		.byte	4
 740 02a1 84       		.byte	-124
 741 02a2 78       		.byte	120
 742 02a3 00       		.byte	0
 743 02a4 00       		.byte	0
 744 02a5 FE       		.byte	-2
 745 02a6 10       		.byte	16
 746 02a7 10       		.byte	16
 747 02a8 10       		.byte	16
 748 02a9 10       		.byte	16
 749 02aa 10       		.byte	16
 750 02ab 00       		.byte	0
 751 02ac 00       		.byte	0
 752 02ad 84       		.byte	-124
 753 02ae 84       		.byte	-124
 754 02af 84       		.byte	-124
 755 02b0 84       		.byte	-124
 756 02b1 84       		.byte	-124
 757 02b2 78       		.byte	120
 758 02b3 00       		.byte	0
 759 02b4 00       		.byte	0
 760 02b5 84       		.byte	-124
 761 02b6 84       		.byte	-124
 762 02b7 84       		.byte	-124
 763 02b8 84       		.byte	-124
 764 02b9 48       		.byte	72
 765 02ba 30       		.byte	48
 766 02bb 00       		.byte	0
 767 02bc 00       		.byte	0
 768 02bd 84       		.byte	-124
 769 02be 84       		.byte	-124
 770 02bf 84       		.byte	-124
 771 02c0 84       		.byte	-124
 772 02c1 B4       		.byte	-76
 773 02c2 48       		.byte	72
 774 02c3 00       		.byte	0
 775 02c4 00       		.byte	0
 776 02c5 84       		.byte	-124
 777 02c6 48       		.byte	72
 778 02c7 30       		.byte	48
 779 02c8 30       		.byte	48
 780 02c9 48       		.byte	72
 781 02ca 84       		.byte	-124
 782 02cb 00       		.byte	0
 783 02cc 00       		.byte	0
 784 02cd 82       		.byte	-126
 785 02ce 44       		.byte	68
 786 02cf 28       		.byte	40
 787 02d0 10       		.byte	16
 788 02d1 10       		.byte	16
 789 02d2 10       		.byte	16
 790 02d3 00       		.byte	0
 791 02d4 00       		.byte	0
 792 02d5 FC       		.byte	-4
 793 02d6 08       		.byte	8
 794 02d7 10       		.byte	16
 795 02d8 20       		.byte	32
 796 02d9 40       		.byte	64
 797 02da FC       		.byte	-4
 798 02db 00       		.byte	0
 799 02dc 00       		.byte	0
 800 02dd 38       		.byte	56
 801 02de 20       		.byte	32
 802 02df 20       		.byte	32
 803 02e0 20       		.byte	32
 804 02e1 20       		.byte	32
 805 02e2 38       		.byte	56
 806 02e3 00       		.byte	0
 807 02e4 00       		.byte	0
 808 02e5 00       		.byte	0
 809 02e6 40       		.byte	64
 810 02e7 20       		.byte	32
 811 02e8 10       		.byte	16
 812 02e9 08       		.byte	8
 813 02ea 04       		.byte	4
 814 02eb 00       		.byte	0
 815 02ec 00       		.byte	0
 816 02ed 38       		.byte	56
 817 02ee 08       		.byte	8
 818 02ef 08       		.byte	8
 819 02f0 08       		.byte	8
 820 02f1 08       		.byte	8
 821 02f2 38       		.byte	56
 822 02f3 00       		.byte	0
 823 02f4 00       		.byte	0
 824 02f5 10       		.byte	16
 825 02f6 38       		.byte	56
 826 02f7 54       		.byte	84
 827 02f8 10       		.byte	16
 828 02f9 10       		.byte	16
 829 02fa 10       		.byte	16
 830 02fb 00       		.byte	0
 831 02fc 00       		.byte	0
 832 02fd 00       		.byte	0
 833 02fe 00       		.byte	0
 834 02ff 00       		.byte	0
 835 0300 00       		.byte	0
 836 0301 00       		.byte	0
 837 0302 00       		.byte	0
 838 0303 FE       		.byte	-2
 839 0304 3C       		.byte	60
 840 0305 42       		.byte	66
 841 0306 99       		.byte	-103
 842 0307 A1       		.byte	-95
 843 0308 A1       		.byte	-95
 844 0309 99       		.byte	-103
 845 030a 42       		.byte	66
 846 030b 3C       		.byte	60
 847 030c 00       		.byte	0
 848 030d 00       		.byte	0
 849 030e 38       		.byte	56
 850 030f 04       		.byte	4
 851 0310 3C       		.byte	60
 852 0311 44       		.byte	68
 853 0312 3C       		.byte	60
 854 0313 00       		.byte	0
 855 0314 00       		.byte	0
 856 0315 40       		.byte	64
 857 0316 40       		.byte	64
 858 0317 78       		.byte	120
 859 0318 44       		.byte	68
 860 0319 44       		.byte	68
 861 031a 78       		.byte	120
 862 031b 00       		.byte	0
 863 031c 00       		.byte	0
 864 031d 00       		.byte	0
 865 031e 1C       		.byte	28
 866 031f 20       		.byte	32
 867 0320 20       		.byte	32
 868 0321 20       		.byte	32
 869 0322 1C       		.byte	28
 870 0323 00       		.byte	0
 871 0324 00       		.byte	0
 872 0325 04       		.byte	4
 873 0326 04       		.byte	4
 874 0327 3C       		.byte	60
 875 0328 44       		.byte	68
 876 0329 44       		.byte	68
 877 032a 3C       		.byte	60
 878 032b 00       		.byte	0
 879 032c 00       		.byte	0
 880 032d 00       		.byte	0
 881 032e 38       		.byte	56
 882 032f 44       		.byte	68
 883 0330 78       		.byte	120
 884 0331 40       		.byte	64
 885 0332 3C       		.byte	60
 886 0333 00       		.byte	0
 887 0334 00       		.byte	0
 888 0335 0C       		.byte	12
 889 0336 10       		.byte	16
 890 0337 18       		.byte	24
 891 0338 10       		.byte	16
 892 0339 10       		.byte	16
 893 033a 10       		.byte	16
 894 033b 00       		.byte	0
 895 033c 00       		.byte	0
 896 033d 00       		.byte	0
 897 033e 3E       		.byte	62
 898 033f 42       		.byte	66
 899 0340 42       		.byte	66
 900 0341 3E       		.byte	62
 901 0342 02       		.byte	2
 902 0343 3C       		.byte	60
 903 0344 00       		.byte	0
 904 0345 40       		.byte	64
 905 0346 40       		.byte	64
 906 0347 78       		.byte	120
 907 0348 44       		.byte	68
 908 0349 44       		.byte	68
 909 034a 44       		.byte	68
 910 034b 00       		.byte	0
 911 034c 00       		.byte	0
 912 034d 08       		.byte	8
 913 034e 00       		.byte	0
 914 034f 18       		.byte	24
 915 0350 08       		.byte	8
 916 0351 08       		.byte	8
 917 0352 1C       		.byte	28
 918 0353 00       		.byte	0
 919 0354 00       		.byte	0
 920 0355 04       		.byte	4
 921 0356 00       		.byte	0
 922 0357 04       		.byte	4
 923 0358 04       		.byte	4
 924 0359 04       		.byte	4
 925 035a 24       		.byte	36
 926 035b 18       		.byte	24
 927 035c 00       		.byte	0
 928 035d 40       		.byte	64
 929 035e 50       		.byte	80
 930 035f 60       		.byte	96
 931 0360 60       		.byte	96
 932 0361 50       		.byte	80
 933 0362 48       		.byte	72
 934 0363 00       		.byte	0
 935 0364 00       		.byte	0
 936 0365 10       		.byte	16
 937 0366 10       		.byte	16
 938 0367 10       		.byte	16
 939 0368 10       		.byte	16
 940 0369 10       		.byte	16
 941 036a 0C       		.byte	12
 942 036b 00       		.byte	0
 943 036c 00       		.byte	0
 944 036d 00       		.byte	0
 945 036e 68       		.byte	104
 946 036f 54       		.byte	84
 947 0370 54       		.byte	84
 948 0371 54       		.byte	84
 949 0372 54       		.byte	84
 950 0373 00       		.byte	0
 951 0374 00       		.byte	0
 952 0375 00       		.byte	0
 953 0376 78       		.byte	120
 954 0377 44       		.byte	68
 955 0378 44       		.byte	68
 956 0379 44       		.byte	68
 957 037a 44       		.byte	68
 958 037b 00       		.byte	0
 959 037c 00       		.byte	0
 960 037d 00       		.byte	0
 961 037e 38       		.byte	56
 962 037f 44       		.byte	68
 963 0380 44       		.byte	68
 964 0381 44       		.byte	68
 965 0382 38       		.byte	56
 966 0383 00       		.byte	0
 967 0384 00       		.byte	0
 968 0385 00       		.byte	0
 969 0386 78       		.byte	120
 970 0387 44       		.byte	68
 971 0388 44       		.byte	68
 972 0389 78       		.byte	120
 973 038a 40       		.byte	64
 974 038b 40       		.byte	64
 975 038c 00       		.byte	0
 976 038d 00       		.byte	0
 977 038e 3C       		.byte	60
 978 038f 44       		.byte	68
 979 0390 44       		.byte	68
 980 0391 3C       		.byte	60
 981 0392 04       		.byte	4
 982 0393 06       		.byte	6
 983 0394 00       		.byte	0
 984 0395 00       		.byte	0
 985 0396 1C       		.byte	28
 986 0397 20       		.byte	32
 987 0398 20       		.byte	32
 988 0399 20       		.byte	32
 989 039a 20       		.byte	32
 990 039b 00       		.byte	0
 991 039c 00       		.byte	0
 992 039d 00       		.byte	0
 993 039e 38       		.byte	56
 994 039f 40       		.byte	64
 995 03a0 38       		.byte	56
 996 03a1 04       		.byte	4
 997 03a2 78       		.byte	120
 998 03a3 00       		.byte	0
 999 03a4 00       		.byte	0
 1000 03a5 10       		.byte	16
 1001 03a6 38       		.byte	56
 1002 03a7 10       		.byte	16
 1003 03a8 10       		.byte	16
 1004 03a9 10       		.byte	16
 1005 03aa 0C       		.byte	12
 1006 03ab 00       		.byte	0
 1007 03ac 00       		.byte	0
 1008 03ad 00       		.byte	0
 1009 03ae 44       		.byte	68
 1010 03af 44       		.byte	68
 1011 03b0 44       		.byte	68
 1012 03b1 44       		.byte	68
 1013 03b2 38       		.byte	56
 1014 03b3 00       		.byte	0
 1015 03b4 00       		.byte	0
 1016 03b5 00       		.byte	0
 1017 03b6 44       		.byte	68
 1018 03b7 44       		.byte	68
 1019 03b8 28       		.byte	40
 1020 03b9 28       		.byte	40
 1021 03ba 10       		.byte	16
 1022 03bb 00       		.byte	0
 1023 03bc 00       		.byte	0
 1024 03bd 00       		.byte	0
 1025 03be 44       		.byte	68
 1026 03bf 54       		.byte	84
 1027 03c0 54       		.byte	84
 1028 03c1 54       		.byte	84
 1029 03c2 28       		.byte	40
 1030 03c3 00       		.byte	0
 1031 03c4 00       		.byte	0
 1032 03c5 00       		.byte	0
 1033 03c6 44       		.byte	68
 1034 03c7 28       		.byte	40
 1035 03c8 10       		.byte	16
 1036 03c9 28       		.byte	40
 1037 03ca 44       		.byte	68
 1038 03cb 00       		.byte	0
 1039 03cc 00       		.byte	0
 1040 03cd 00       		.byte	0
 1041 03ce 44       		.byte	68
 1042 03cf 44       		.byte	68
 1043 03d0 44       		.byte	68
 1044 03d1 3C       		.byte	60
 1045 03d2 04       		.byte	4
 1046 03d3 38       		.byte	56
 1047 03d4 00       		.byte	0
 1048 03d5 00       		.byte	0
 1049 03d6 7C       		.byte	124
 1050 03d7 08       		.byte	8
 1051 03d8 10       		.byte	16
 1052 03d9 20       		.byte	32
 1053 03da 7C       		.byte	124
 1054 03db 00       		.byte	0
 1055 03dc 00       		.byte	0
 1056 03dd 1C       		.byte	28
 1057 03de 10       		.byte	16
 1058 03df 60       		.byte	96
 1059 03e0 10       		.byte	16
 1060 03e1 10       		.byte	16
 1061 03e2 1C       		.byte	28
 1062 03e3 00       		.byte	0
 1063 03e4 00       		.byte	0
 1064 03e5 10       		.byte	16
 1065 03e6 10       		.byte	16
 1066 03e7 10       		.byte	16
 1067 03e8 10       		.byte	16
 1068 03e9 10       		.byte	16
 1069 03ea 10       		.byte	16
 1070 03eb 00       		.byte	0
 1071 03ec 00       		.byte	0
 1072 03ed 70       		.byte	112
 1073 03ee 10       		.byte	16
 1074 03ef 0C       		.byte	12
 1075 03f0 10       		.byte	16
 1076 03f1 10       		.byte	16
 1077 03f2 70       		.byte	112
 1078 03f3 00       		.byte	0
 1079 03f4 00       		.byte	0
 1080 03f5 14       		.byte	20
 1081 03f6 28       		.byte	40
 1082 03f7 00       		.byte	0
 1083 03f8 00       		.byte	0
 1084 03f9 00       		.byte	0
 1085 03fa 00       		.byte	0
 1086 03fb 00       		.byte	0
 1087              		.text
 1088              	.Letext0:
 1089              		.file 1 "apps/src/fonts/Sinclair_S.c"
DEFINED SYMBOLS
                            *ABS*:00000000 Sinclair_S.c
C:\Users\Spas\AppData\Local\Temp\ccm2AL29.s:66     .rodata:00000000 Sinclair_S
C:\Users\Spas\AppData\Local\Temp\ccm2AL29.s:63     .rodata:00000000 $d
                           .group:00000000 wm4.0.bb49f1eb716983c9014b6db3ebb18dd1

NO UNDEFINED SYMBOLS
